<?xml version="1.0" encoding="UTF-8"?>
<coverage generated="1585362118771" clover="3.2.0">
  <project timestamp="1585362118772" name="All files">
    <metrics statements="23" coveredstatements="23" conditionals="16" coveredconditionals="16" methods="8" coveredmethods="8" elements="47" coveredelements="47" complexity="0" loc="23" ncloc="23" packages="1" files="3" classes="3"/>
    <file name="calculator.js" path="/home/andrecio/codes/jest/src/calculator.js">
      <metrics statements="16" coveredstatements="16" conditionals="12" coveredconditionals="12" methods="6" coveredmethods="6"/>
      <line num="1" count="1" type="stmt"/>
      <line num="2" count="17" type="cond" truecount="2" falsecount="0"/>
      <line num="4" count="1" type="stmt"/>
      <line num="5" count="4" type="cond" truecount="2" falsecount="0"/>
      <line num="7" count="3" type="stmt"/>
      <line num="10" count="1" type="stmt"/>
      <line num="11" count="4" type="cond" truecount="2" falsecount="0"/>
      <line num="13" count="3" type="stmt"/>
      <line num="16" count="1" type="stmt"/>
      <line num="17" count="4" type="cond" truecount="2" falsecount="0"/>
      <line num="19" count="3" type="stmt"/>
      <line num="22" count="1" type="stmt"/>
      <line num="23" count="5" type="cond" truecount="2" falsecount="0"/>
      <line num="24" count="4" type="cond" truecount="2" falsecount="0"/>
      <line num="26" count="3" type="stmt"/>
      <line num="29" count="1" type="stmt"/>
    </file>
    <file name="capitalize.js" path="/home/andrecio/codes/jest/src/capitalize.js">
      <metrics statements="4" coveredstatements="4" conditionals="2" coveredconditionals="2" methods="1" coveredmethods="1"/>
      <line num="1" count="1" type="stmt"/>
      <line num="2" count="5" type="cond" truecount="2" falsecount="0"/>
      <line num="4" count="4" type="stmt"/>
      <line num="6" count="4" type="stmt"/>
    </file>
    <file name="reverseString.js" path="/home/andrecio/codes/jest/src/reverseString.js">
      <metrics statements="3" coveredstatements="3" conditionals="2" coveredconditionals="2" methods="1" coveredmethods="1"/>
      <line num="1" count="1" type="stmt"/>
      <line num="2" count="4" type="cond" truecount="2" falsecount="0"/>
      <line num="4" count="3" type="stmt"/>
    </file>
  </project>
</coverage>
