<?xml version="1.0" encoding="UTF-8"?>
<coverage generated="1585620386269" clover="3.2.0">
  <project timestamp="1585620386270" name="All files">
    <metrics statements="32" coveredstatements="32" conditionals="20" coveredconditionals="20" methods="18" coveredmethods="18" elements="70" coveredelements="70" complexity="0" loc="32" ncloc="32" packages="1" files="5" classes="5"/>
    <file name="arrayAnalyze.js" path="/home/andrecio/codes/ideas-tips/jest/src/arrayAnalyze.js">
      <metrics statements="4" coveredstatements="4" conditionals="4" coveredconditionals="4" methods="3" coveredmethods="3"/>
      <line num="1" count="1" type="stmt"/>
      <line num="2" count="16" type="cond" truecount="4" falsecount="0"/>
      <line num="4" count="3" type="stmt"/>
      <line num="5" count="12" type="stmt"/>
    </file>
    <file name="caesarCipher.js" path="/home/andrecio/codes/ideas-tips/jest/src/caesarCipher.js">
      <metrics statements="5" coveredstatements="5" conditionals="0" coveredconditionals="0" methods="7" coveredmethods="7"/>
      <line num="1" count="16" type="stmt"/>
      <line num="2" count="68" type="stmt"/>
      <line num="3" count="68" type="stmt"/>
      <line num="5" count="68" type="stmt"/>
      <line num="7" count="68" type="stmt"/>
    </file>
    <file name="calculator.js" path="/home/andrecio/codes/ideas-tips/jest/src/calculator.js">
      <metrics statements="16" coveredstatements="16" conditionals="12" coveredconditionals="12" methods="6" coveredmethods="6"/>
      <line num="1" count="1" type="stmt"/>
      <line num="2" count="17" type="cond" truecount="2" falsecount="0"/>
      <line num="4" count="1" type="stmt"/>
      <line num="5" count="4" type="cond" truecount="2" falsecount="0"/>
      <line num="7" count="3" type="stmt"/>
      <line num="10" count="1" type="stmt"/>
      <line num="11" count="4" type="cond" truecount="2" falsecount="0"/>
      <line num="13" count="3" type="stmt"/>
      <line num="16" count="1" type="stmt"/>
      <line num="17" count="4" type="cond" truecount="2" falsecount="0"/>
      <line num="19" count="3" type="stmt"/>
      <line num="22" count="1" type="stmt"/>
      <line num="23" count="5" type="cond" truecount="2" falsecount="0"/>
      <line num="24" count="4" type="cond" truecount="2" falsecount="0"/>
      <line num="26" count="3" type="stmt"/>
      <line num="29" count="1" type="stmt"/>
    </file>
    <file name="capitalize.js" path="/home/andrecio/codes/ideas-tips/jest/src/capitalize.js">
      <metrics statements="4" coveredstatements="4" conditionals="2" coveredconditionals="2" methods="1" coveredmethods="1"/>
      <line num="1" count="1" type="stmt"/>
      <line num="2" count="5" type="cond" truecount="2" falsecount="0"/>
      <line num="4" count="4" type="stmt"/>
      <line num="6" count="4" type="stmt"/>
    </file>
    <file name="reverseString.js" path="/home/andrecio/codes/ideas-tips/jest/src/reverseString.js">
      <metrics statements="3" coveredstatements="3" conditionals="2" coveredconditionals="2" methods="1" coveredmethods="1"/>
      <line num="1" count="1" type="stmt"/>
      <line num="2" count="4" type="cond" truecount="2" falsecount="0"/>
      <line num="4" count="3" type="stmt"/>
    </file>
  </project>
</coverage>
