{"/home/andrecio/codes/ideas-tips/jest/src/arrayAnalyze.js": {"path":"/home/andrecio/codes/ideas-tips/jest/src/arrayAnalyze.js","statementMap":{"0":{"start":{"line":1,"column":28},"end":{"line":10,"column":1}},"1":{"start":{"line":2,"column":2},"end":{"line":2,"column":104}},"2":{"start":{"line":2,"column":48},"end":{"line":2,"column":72}},"3":{"start":{"line":2,"column":75},"end":{"line":2,"column":104}},"4":{"start":{"line":4,"column":2},"end":{"line":9,"column":3}},"5":{"start":{"line":5,"column":34},"end":{"line":5,"column":39}}},"fnMap":{"0":{"name":"(anonymous_0)","decl":{"start":{"line":1,"column":28},"end":{"line":1,"column":29}},"loc":{"start":{"line":1,"column":37},"end":{"line":10,"column":1}},"line":1},"1":{"name":"(anonymous_1)","decl":{"start":{"line":2,"column":38},"end":{"line":2,"column":39}},"loc":{"start":{"line":2,"column":48},"end":{"line":2,"column":72}},"line":2},"2":{"name":"(anonymous_2)","decl":{"start":{"line":5,"column":24},"end":{"line":5,"column":25}},"loc":{"start":{"line":5,"column":34},"end":{"line":5,"column":39}},"line":5}},"branchMap":{"0":{"loc":{"start":{"line":2,"column":2},"end":{"line":2,"column":104}},"type":"if","locations":[{"start":{"line":2,"column":2},"end":{"line":2,"column":104}},{"start":{"line":2,"column":2},"end":{"line":2,"column":104}}],"line":2},"1":{"loc":{"start":{"line":2,"column":6},"end":{"line":2,"column":73}},"type":"binary-expr","locations":[{"start":{"line":2,"column":6},"end":{"line":2,"column":25}},{"start":{"line":2,"column":29},"end":{"line":2,"column":73}}],"line":2}},"s":{"0":1,"1":5,"2":16,"3":2,"4":3,"5":12},"f":{"0":5,"1":16,"2":12},"b":{"0":[2,3],"1":[5,4]},"_coverageSchema":"1a1c01bbd47fc00a2c39e90264f33305004495a9","hash":"55532efef705b85b52fc711203bab6c844f4ae2c"}
,"/home/andrecio/codes/ideas-tips/jest/src/caesarCipher.js": {"path":"/home/andrecio/codes/ideas-tips/jest/src/caesarCipher.js","statementMap":{"0":{"start":{"line":1,"column":20},"end":{"line":1,"column":61}},"1":{"start":{"line":1,"column":31},"end":{"line":1,"column":61}},"2":{"start":{"line":2,"column":25},"end":{"line":2,"column":109}},"3":{"start":{"line":2,"column":43},"end":{"line":2,"column":109}},"4":{"start":{"line":3,"column":25},"end":{"line":3,"column":111}},"5":{"start":{"line":3,"column":43},"end":{"line":3,"column":111}},"6":{"start":{"line":5,"column":23},"end":{"line":5,"column":111}},"7":{"start":{"line":5,"column":41},"end":{"line":5,"column":111}},"8":{"start":{"line":5,"column":83},"end":{"line":5,"column":109}},"9":{"start":{"line":7,"column":23},"end":{"line":7,"column":111}},"10":{"start":{"line":7,"column":41},"end":{"line":7,"column":111}},"11":{"start":{"line":7,"column":83},"end":{"line":7,"column":109}}},"fnMap":{"0":{"name":"(anonymous_0)","decl":{"start":{"line":1,"column":20},"end":{"line":1,"column":21}},"loc":{"start":{"line":1,"column":31},"end":{"line":1,"column":61}},"line":1},"1":{"name":"(anonymous_1)","decl":{"start":{"line":2,"column":25},"end":{"line":2,"column":26}},"loc":{"start":{"line":2,"column":43},"end":{"line":2,"column":109}},"line":2},"2":{"name":"(anonymous_2)","decl":{"start":{"line":3,"column":25},"end":{"line":3,"column":26}},"loc":{"start":{"line":3,"column":43},"end":{"line":3,"column":111}},"line":3},"3":{"name":"(anonymous_3)","decl":{"start":{"line":5,"column":23},"end":{"line":5,"column":24}},"loc":{"start":{"line":5,"column":41},"end":{"line":5,"column":111}},"line":5},"4":{"name":"(anonymous_4)","decl":{"start":{"line":5,"column":78},"end":{"line":5,"column":79}},"loc":{"start":{"line":5,"column":83},"end":{"line":5,"column":109}},"line":5},"5":{"name":"(anonymous_5)","decl":{"start":{"line":7,"column":23},"end":{"line":7,"column":24}},"loc":{"start":{"line":7,"column":41},"end":{"line":7,"column":111}},"line":7},"6":{"name":"(anonymous_6)","decl":{"start":{"line":7,"column":78},"end":{"line":7,"column":79}},"loc":{"start":{"line":7,"column":83},"end":{"line":7,"column":109}},"line":7}},"branchMap":{},"s":{"0":1,"1":16,"2":1,"3":68,"4":1,"5":68,"6":1,"7":8,"8":68,"9":1,"10":8,"11":68},"f":{"0":16,"1":68,"2":68,"3":8,"4":68,"5":8,"6":68},"b":{},"_coverageSchema":"1a1c01bbd47fc00a2c39e90264f33305004495a9","hash":"c5122a655cb7442aebfc888c8598ac2df490ae92"}
,"/home/andrecio/codes/ideas-tips/jest/src/calculator.js": {"path":"/home/andrecio/codes/ideas-tips/jest/src/calculator.js","statementMap":{"0":{"start":{"line":1,"column":26},"end":{"line":30,"column":4}},"1":{"start":{"line":2,"column":20},"end":{"line":2,"column":76}},"2":{"start":{"line":2,"column":30},"end":{"line":2,"column":76}},"3":{"start":{"line":4,"column":14},"end":{"line":8,"column":3}},"4":{"start":{"line":5,"column":4},"end":{"line":5,"column":55}},"5":{"start":{"line":5,"column":26},"end":{"line":5,"column":55}},"6":{"start":{"line":7,"column":4},"end":{"line":7,"column":16}},"7":{"start":{"line":10,"column":14},"end":{"line":14,"column":3}},"8":{"start":{"line":11,"column":4},"end":{"line":11,"column":55}},"9":{"start":{"line":11,"column":26},"end":{"line":11,"column":55}},"10":{"start":{"line":13,"column":4},"end":{"line":13,"column":16}},"11":{"start":{"line":16,"column":15},"end":{"line":20,"column":3}},"12":{"start":{"line":17,"column":4},"end":{"line":17,"column":55}},"13":{"start":{"line":17,"column":26},"end":{"line":17,"column":55}},"14":{"start":{"line":19,"column":4},"end":{"line":19,"column":16}},"15":{"start":{"line":22,"column":14},"end":{"line":27,"column":3}},"16":{"start":{"line":23,"column":4},"end":{"line":23,"column":55}},"17":{"start":{"line":23,"column":26},"end":{"line":23,"column":55}},"18":{"start":{"line":24,"column":4},"end":{"line":24,"column":56}},"19":{"start":{"line":24,"column":17},"end":{"line":24,"column":56}},"20":{"start":{"line":26,"column":4},"end":{"line":26,"column":16}},"21":{"start":{"line":29,"column":2},"end":{"line":29,"column":32}}},"fnMap":{"0":{"name":"(anonymous_0)","decl":{"start":{"line":1,"column":27},"end":{"line":1,"column":28}},"loc":{"start":{"line":1,"column":33},"end":{"line":30,"column":1}},"line":1},"1":{"name":"(anonymous_1)","decl":{"start":{"line":2,"column":20},"end":{"line":2,"column":21}},"loc":{"start":{"line":2,"column":30},"end":{"line":2,"column":76}},"line":2},"2":{"name":"(anonymous_2)","decl":{"start":{"line":4,"column":14},"end":{"line":4,"column":15}},"loc":{"start":{"line":4,"column":24},"end":{"line":8,"column":3}},"line":4},"3":{"name":"(anonymous_3)","decl":{"start":{"line":10,"column":14},"end":{"line":10,"column":15}},"loc":{"start":{"line":10,"column":24},"end":{"line":14,"column":3}},"line":10},"4":{"name":"(anonymous_4)","decl":{"start":{"line":16,"column":15},"end":{"line":16,"column":16}},"loc":{"start":{"line":16,"column":25},"end":{"line":20,"column":3}},"line":16},"5":{"name":"(anonymous_5)","decl":{"start":{"line":22,"column":14},"end":{"line":22,"column":15}},"loc":{"start":{"line":22,"column":24},"end":{"line":27,"column":3}},"line":22}},"branchMap":{"0":{"loc":{"start":{"line":2,"column":30},"end":{"line":2,"column":76}},"type":"binary-expr","locations":[{"start":{"line":2,"column":30},"end":{"line":2,"column":51}},{"start":{"line":2,"column":55},"end":{"line":2,"column":76}}],"line":2},"1":{"loc":{"start":{"line":5,"column":4},"end":{"line":5,"column":55}},"type":"if","locations":[{"start":{"line":5,"column":4},"end":{"line":5,"column":55}},{"start":{"line":5,"column":4},"end":{"line":5,"column":55}}],"line":5},"2":{"loc":{"start":{"line":11,"column":4},"end":{"line":11,"column":55}},"type":"if","locations":[{"start":{"line":11,"column":4},"end":{"line":11,"column":55}},{"start":{"line":11,"column":4},"end":{"line":11,"column":55}}],"line":11},"3":{"loc":{"start":{"line":17,"column":4},"end":{"line":17,"column":55}},"type":"if","locations":[{"start":{"line":17,"column":4},"end":{"line":17,"column":55}},{"start":{"line":17,"column":4},"end":{"line":17,"column":55}}],"line":17},"4":{"loc":{"start":{"line":23,"column":4},"end":{"line":23,"column":55}},"type":"if","locations":[{"start":{"line":23,"column":4},"end":{"line":23,"column":55}},{"start":{"line":23,"column":4},"end":{"line":23,"column":55}}],"line":23},"5":{"loc":{"start":{"line":24,"column":4},"end":{"line":24,"column":56}},"type":"if","locations":[{"start":{"line":24,"column":4},"end":{"line":24,"column":56}},{"start":{"line":24,"column":4},"end":{"line":24,"column":56}}],"line":24}},"s":{"0":1,"1":1,"2":17,"3":1,"4":4,"5":1,"6":3,"7":1,"8":4,"9":1,"10":3,"11":1,"12":4,"13":1,"14":3,"15":1,"16":5,"17":1,"18":4,"19":1,"20":3,"21":1},"f":{"0":1,"1":17,"2":4,"3":4,"4":4,"5":5},"b":{"0":[17,13],"1":[1,3],"2":[1,3],"3":[1,3],"4":[1,4],"5":[1,3]},"_coverageSchema":"1a1c01bbd47fc00a2c39e90264f33305004495a9","hash":"867d689fb9fc7e39d78403dcada30deb055dff7c"}
,"/home/andrecio/codes/ideas-tips/jest/src/capitalize.js": {"path":"/home/andrecio/codes/ideas-tips/jest/src/capitalize.js","statementMap":{"0":{"start":{"line":1,"column":26},"end":{"line":7,"column":1}},"1":{"start":{"line":2,"column":2},"end":{"line":2,"column":60}},"2":{"start":{"line":2,"column":31},"end":{"line":2,"column":60}},"3":{"start":{"line":4,"column":20},"end":{"line":4,"column":37}},"4":{"start":{"line":6,"column":2},"end":{"line":6,"column":68}}},"fnMap":{"0":{"name":"(anonymous_0)","decl":{"start":{"line":1,"column":26},"end":{"line":1,"column":27}},"loc":{"start":{"line":1,"column":35},"end":{"line":7,"column":1}},"line":1}},"branchMap":{"0":{"loc":{"start":{"line":2,"column":2},"end":{"line":2,"column":60}},"type":"if","locations":[{"start":{"line":2,"column":2},"end":{"line":2,"column":60}},{"start":{"line":2,"column":2},"end":{"line":2,"column":60}}],"line":2}},"s":{"0":1,"1":5,"2":1,"3":4,"4":4},"f":{"0":5},"b":{"0":[1,4]},"_coverageSchema":"1a1c01bbd47fc00a2c39e90264f33305004495a9","hash":"e2dc42d8d925b5bbd07a86b55b1a0faf7121dedc"}
,"/home/andrecio/codes/ideas-tips/jest/src/reverseString.js": {"path":"/home/andrecio/codes/ideas-tips/jest/src/reverseString.js","statementMap":{"0":{"start":{"line":1,"column":29},"end":{"line":5,"column":1}},"1":{"start":{"line":2,"column":2},"end":{"line":2,"column":59}},"2":{"start":{"line":2,"column":30},"end":{"line":2,"column":59}},"3":{"start":{"line":4,"column":2},"end":{"line":4,"column":36}}},"fnMap":{"0":{"name":"(anonymous_0)","decl":{"start":{"line":1,"column":29},"end":{"line":1,"column":30}},"loc":{"start":{"line":1,"column":37},"end":{"line":5,"column":1}},"line":1}},"branchMap":{"0":{"loc":{"start":{"line":2,"column":2},"end":{"line":2,"column":59}},"type":"if","locations":[{"start":{"line":2,"column":2},"end":{"line":2,"column":59}},{"start":{"line":2,"column":2},"end":{"line":2,"column":59}}],"line":2}},"s":{"0":1,"1":4,"2":1,"3":3},"f":{"0":4},"b":{"0":[1,3]},"_coverageSchema":"1a1c01bbd47fc00a2c39e90264f33305004495a9","hash":"78b1ab7fd18822eb8a411abdf9897674db57504b"}
}
