TN:
SF:src/arrayAnalyze.js
FN:1,(anonymous_0)
FN:2,(anonymous_1)
FN:5,(anonymous_2)
FNF:3
FNH:3
FNDA:5,(anonymous_0)
FNDA:16,(anonymous_1)
FNDA:12,(anonymous_2)
DA:1,1
DA:2,16
DA:4,3
DA:5,12
LF:4
LH:4
BRDA:2,0,0,2
BRDA:2,0,1,3
BRDA:2,1,0,5
BRDA:2,1,1,4
BRF:4
BRH:4
end_of_record
TN:
SF:src/calculator.js
FN:1,(anonymous_0)
FN:2,(anonymous_1)
FN:4,(anonymous_2)
FN:10,(anonymous_3)
FN:16,(anonymous_4)
FN:22,(anonymous_5)
FNF:6
FNH:6
FNDA:1,(anonymous_0)
FNDA:17,(anonymous_1)
FNDA:4,(anonymous_2)
FNDA:4,(anonymous_3)
FNDA:4,(anonymous_4)
FNDA:5,(anonymous_5)
DA:1,1
DA:2,17
DA:4,1
DA:5,4
DA:7,3
DA:10,1
DA:11,4
DA:13,3
DA:16,1
DA:17,4
DA:19,3
DA:22,1
DA:23,5
DA:24,4
DA:26,3
DA:29,1
LF:16
LH:16
BRDA:2,0,0,17
BRDA:2,0,1,13
BRDA:5,1,0,1
BRDA:5,1,1,3
BRDA:11,2,0,1
BRDA:11,2,1,3
BRDA:17,3,0,1
BRDA:17,3,1,3
BRDA:23,4,0,1
BRDA:23,4,1,4
BRDA:24,5,0,1
BRDA:24,5,1,3
BRF:12
BRH:12
end_of_record
TN:
SF:src/capitalize.js
FN:1,(anonymous_0)
FNF:1
FNH:1
FNDA:5,(anonymous_0)
DA:1,1
DA:2,5
DA:4,4
DA:6,4
LF:4
LH:4
BRDA:2,0,0,1
BRDA:2,0,1,4
BRF:2
BRH:2
end_of_record
TN:
SF:src/reverseString.js
FN:1,(anonymous_0)
FNF:1
FNH:1
FNDA:4,(anonymous_0)
DA:1,1
DA:2,4
DA:4,3
LF:3
LH:3
BRDA:2,0,0,1
BRDA:2,0,1,3
BRF:2
BRH:2
end_of_record
